mode: atomic
github.com/neicnordic/sensitive-data-archive/sda-admin/user/user.go:13.39,15.16 2 1
github.com/neicnordic/sensitive-data-archive/sda-admin/user/user.go:15.16,17.3 1 0
github.com/neicnordic/sensitive-data-archive/sda-admin/user/user.go:18.2,21.16 3 1
github.com/neicnordic/sensitive-data-archive/sda-admin/user/user.go:21.16,23.3 1 0
github.com/neicnordic/sensitive-data-archive/sda-admin/user/user.go:25.2,27.12 2 1
github.com/neicnordic/sensitive-data-archive/sda-admin/c4ghkeyhash/c4ghKeyHash.go:20.61,22.16 2 1
github.com/neicnordic/sensitive-data-archive/sda-admin/c4ghkeyhash/c4ghKeyHash.go:22.16,24.3 1 0
github.com/neicnordic/sensitive-data-archive/sda-admin/c4ghkeyhash/c4ghKeyHash.go:26.2,32.16 3 1
github.com/neicnordic/sensitive-data-archive/sda-admin/c4ghkeyhash/c4ghKeyHash.go:32.16,34.3 1 0
github.com/neicnordic/sensitive-data-archive/sda-admin/c4ghkeyhash/c4ghKeyHash.go:36.2,37.16 2 1
github.com/neicnordic/sensitive-data-archive/sda-admin/c4ghkeyhash/c4ghKeyHash.go:37.16,39.3 1 0
github.com/neicnordic/sensitive-data-archive/sda-admin/c4ghkeyhash/c4ghKeyHash.go:40.2,43.16 3 1
github.com/neicnordic/sensitive-data-archive/sda-admin/c4ghkeyhash/c4ghKeyHash.go:43.16,45.3 1 0
github.com/neicnordic/sensitive-data-archive/sda-admin/c4ghkeyhash/c4ghKeyHash.go:47.2,47.12 1 1
github.com/neicnordic/sensitive-data-archive/sda-admin/c4ghkeyhash/c4ghKeyHash.go:50.50,52.16 2 1
github.com/neicnordic/sensitive-data-archive/sda-admin/c4ghkeyhash/c4ghKeyHash.go:52.16,54.3 1 0
github.com/neicnordic/sensitive-data-archive/sda-admin/c4ghkeyhash/c4ghKeyHash.go:55.2,58.16 3 1
github.com/neicnordic/sensitive-data-archive/sda-admin/c4ghkeyhash/c4ghKeyHash.go:58.16,60.3 1 0
github.com/neicnordic/sensitive-data-archive/sda-admin/c4ghkeyhash/c4ghKeyHash.go:62.2,62.12 1 1
github.com/neicnordic/sensitive-data-archive/sda-admin/c4ghkeyhash/c4ghKeyHash.go:65.39,67.16 2 1
github.com/neicnordic/sensitive-data-archive/sda-admin/c4ghkeyhash/c4ghKeyHash.go:67.16,69.3 1 0
github.com/neicnordic/sensitive-data-archive/sda-admin/c4ghkeyhash/c4ghKeyHash.go:70.2,73.16 3 1
github.com/neicnordic/sensitive-data-archive/sda-admin/c4ghkeyhash/c4ghKeyHash.go:73.16,75.3 1 0
github.com/neicnordic/sensitive-data-archive/sda-admin/c4ghkeyhash/c4ghKeyHash.go:77.2,79.12 2 1
github.com/neicnordic/sensitive-data-archive/sda-admin/file/file.go:25.49,27.16 2 1
github.com/neicnordic/sensitive-data-archive/sda-admin/file/file.go:27.16,29.3 1 0
github.com/neicnordic/sensitive-data-archive/sda-admin/file/file.go:30.2,33.16 3 1
github.com/neicnordic/sensitive-data-archive/sda-admin/file/file.go:33.16,35.3 1 0
github.com/neicnordic/sensitive-data-archive/sda-admin/file/file.go:37.2,39.12 2 1
github.com/neicnordic/sensitive-data-archive/sda-admin/file/file.go:46.48,49.16 3 4
github.com/neicnordic/sensitive-data-archive/sda-admin/file/file.go:49.16,51.3 1 0
github.com/neicnordic/sensitive-data-archive/sda-admin/file/file.go:52.2,54.25 2 4
github.com/neicnordic/sensitive-data-archive/sda-admin/file/file.go:54.25,55.66 1 2
github.com/neicnordic/sensitive-data-archive/sda-admin/file/file.go:55.66,57.4 1 0
github.com/neicnordic/sensitive-data-archive/sda-admin/file/file.go:58.3,63.17 3 2
github.com/neicnordic/sensitive-data-archive/sda-admin/file/file.go:63.17,65.4 1 0
github.com/neicnordic/sensitive-data-archive/sda-admin/file/file.go:66.8,71.3 4 2
github.com/neicnordic/sensitive-data-archive/sda-admin/file/file.go:73.2,74.16 2 4
github.com/neicnordic/sensitive-data-archive/sda-admin/file/file.go:74.16,76.3 1 2
github.com/neicnordic/sensitive-data-archive/sda-admin/file/file.go:78.2,78.12 1 2
github.com/neicnordic/sensitive-data-archive/sda-admin/file/file.go:85.57,88.16 3 4
github.com/neicnordic/sensitive-data-archive/sda-admin/file/file.go:88.16,90.3 1 0
github.com/neicnordic/sensitive-data-archive/sda-admin/file/file.go:91.2,93.28 2 4
github.com/neicnordic/sensitive-data-archive/sda-admin/file/file.go:93.28,94.69 1 2
github.com/neicnordic/sensitive-data-archive/sda-admin/file/file.go:94.69,96.4 1 0
github.com/neicnordic/sensitive-data-archive/sda-admin/file/file.go:97.3,103.17 3 2
github.com/neicnordic/sensitive-data-archive/sda-admin/file/file.go:103.17,105.4 1 0
github.com/neicnordic/sensitive-data-archive/sda-admin/file/file.go:106.8,112.3 5 2
github.com/neicnordic/sensitive-data-archive/sda-admin/file/file.go:114.2,115.16 2 4
github.com/neicnordic/sensitive-data-archive/sda-admin/file/file.go:115.16,117.3 1 2
github.com/neicnordic/sensitive-data-archive/sda-admin/file/file.go:119.2,119.12 1 2
github.com/neicnordic/sensitive-data-archive/sda-admin/file/file.go:123.52,125.16 2 2
github.com/neicnordic/sensitive-data-archive/sda-admin/file/file.go:125.16,127.3 1 0
github.com/neicnordic/sensitive-data-archive/sda-admin/file/file.go:128.2,131.16 3 2
github.com/neicnordic/sensitive-data-archive/sda-admin/file/file.go:131.16,133.3 1 1
github.com/neicnordic/sensitive-data-archive/sda-admin/file/file.go:135.2,135.12 1 1
github.com/neicnordic/sensitive-data-archive/sda-admin/helpers/helpers.go:25.49,27.16 2 2
github.com/neicnordic/sensitive-data-archive/sda-admin/helpers/helpers.go:27.16,29.3 1 0
github.com/neicnordic/sensitive-data-archive/sda-admin/helpers/helpers.go:32.2,38.16 5 2
github.com/neicnordic/sensitive-data-archive/sda-admin/helpers/helpers.go:38.16,40.3 1 0
github.com/neicnordic/sensitive-data-archive/sda-admin/helpers/helpers.go:41.2,45.16 3 2
github.com/neicnordic/sensitive-data-archive/sda-admin/helpers/helpers.go:45.16,47.3 1 0
github.com/neicnordic/sensitive-data-archive/sda-admin/helpers/helpers.go:50.2,50.37 1 2
github.com/neicnordic/sensitive-data-archive/sda-admin/helpers/helpers.go:50.37,52.3 1 1
github.com/neicnordic/sensitive-data-archive/sda-admin/helpers/helpers.go:54.2,54.21 1 1
github.com/neicnordic/sensitive-data-archive/sda-admin/helpers/helpers.go:61.66,63.16 2 3
github.com/neicnordic/sensitive-data-archive/sda-admin/helpers/helpers.go:63.16,65.3 1 0
github.com/neicnordic/sensitive-data-archive/sda-admin/helpers/helpers.go:68.2,74.16 5 3
github.com/neicnordic/sensitive-data-archive/sda-admin/helpers/helpers.go:74.16,76.3 1 0
github.com/neicnordic/sensitive-data-archive/sda-admin/helpers/helpers.go:77.2,81.16 3 3
github.com/neicnordic/sensitive-data-archive/sda-admin/helpers/helpers.go:81.16,83.3 1 0
github.com/neicnordic/sensitive-data-archive/sda-admin/helpers/helpers.go:86.2,86.37 1 3
github.com/neicnordic/sensitive-data-archive/sda-admin/helpers/helpers.go:86.37,88.3 1 1
github.com/neicnordic/sensitive-data-archive/sda-admin/helpers/helpers.go:90.2,90.21 1 2
github.com/neicnordic/sensitive-data-archive/sda-admin/helpers/helpers.go:94.45,97.28 3 26
github.com/neicnordic/sensitive-data-archive/sda-admin/helpers/helpers.go:97.28,103.3 1 26
github.com/neicnordic/sensitive-data-archive/sda-admin/helpers/helpers.go:105.2,105.12 1 0
github.com/neicnordic/sensitive-data-archive/sda-admin/helpers/helpers.go:109.65,112.16 2 0
github.com/neicnordic/sensitive-data-archive/sda-admin/helpers/helpers.go:112.16,114.3 1 0
github.com/neicnordic/sensitive-data-archive/sda-admin/helpers/helpers.go:117.2,122.16 4 0
github.com/neicnordic/sensitive-data-archive/sda-admin/helpers/helpers.go:122.16,124.3 1 0
github.com/neicnordic/sensitive-data-archive/sda-admin/helpers/helpers.go:125.2,129.16 3 0
github.com/neicnordic/sensitive-data-archive/sda-admin/helpers/helpers.go:129.16,131.3 1 0
github.com/neicnordic/sensitive-data-archive/sda-admin/helpers/helpers.go:134.2,134.37 1 0
github.com/neicnordic/sensitive-data-archive/sda-admin/helpers/helpers.go:134.37,136.3 1 0
github.com/neicnordic/sensitive-data-archive/sda-admin/helpers/helpers.go:138.2,138.21 1 0
github.com/neicnordic/sensitive-data-archive/sda-admin/dataset/dataset.go:19.85,21.16 2 2
github.com/neicnordic/sensitive-data-archive/sda-admin/dataset/dataset.go:21.16,23.3 1 0
github.com/neicnordic/sensitive-data-archive/sda-admin/dataset/dataset.go:24.2,33.16 4 2
github.com/neicnordic/sensitive-data-archive/sda-admin/dataset/dataset.go:33.16,35.3 1 0
github.com/neicnordic/sensitive-data-archive/sda-admin/dataset/dataset.go:37.2,38.16 2 2
github.com/neicnordic/sensitive-data-archive/sda-admin/dataset/dataset.go:38.16,40.3 1 1
github.com/neicnordic/sensitive-data-archive/sda-admin/dataset/dataset.go:42.2,42.12 1 1
github.com/neicnordic/sensitive-data-archive/sda-admin/dataset/dataset.go:46.53,48.16 2 2
github.com/neicnordic/sensitive-data-archive/sda-admin/dataset/dataset.go:48.16,50.3 1 0
github.com/neicnordic/sensitive-data-archive/sda-admin/dataset/dataset.go:51.2,54.16 3 2
github.com/neicnordic/sensitive-data-archive/sda-admin/dataset/dataset.go:54.16,56.3 1 1
github.com/neicnordic/sensitive-data-archive/sda-admin/dataset/dataset.go:58.2,58.12 1 1
github.com/neicnordic/sensitive-data-archive/sda-admin/dataset/dataset.go:62.55,64.16 2 2
github.com/neicnordic/sensitive-data-archive/sda-admin/dataset/dataset.go:64.16,66.3 1 0
github.com/neicnordic/sensitive-data-archive/sda-admin/dataset/dataset.go:67.2,70.16 3 2
github.com/neicnordic/sensitive-data-archive/sda-admin/dataset/dataset.go:70.16,72.3 1 1
github.com/neicnordic/sensitive-data-archive/sda-admin/dataset/dataset.go:74.2,74.12 1 1
github.com/neicnordic/sensitive-data-archive/sda-admin/main.go:186.21,188.2 1 0
github.com/neicnordic/sensitive-data-archive/sda-admin/main.go:190.13,196.22 3 0
github.com/neicnordic/sensitive-data-archive/sda-admin/main.go:196.22,198.3 1 0
github.com/neicnordic/sensitive-data-archive/sda-admin/main.go:201.34,203.22 1 0
github.com/neicnordic/sensitive-data-archive/sda-admin/main.go:203.22,205.3 1 0
github.com/neicnordic/sensitive-data-archive/sda-admin/main.go:207.2,207.55 1 0
github.com/neicnordic/sensitive-data-archive/sda-admin/main.go:207.55,209.3 1 0
github.com/neicnordic/sensitive-data-archive/sda-admin/main.go:212.2,212.18 1 0
github.com/neicnordic/sensitive-data-archive/sda-admin/main.go:212.18,214.19 2 0
github.com/neicnordic/sensitive-data-archive/sda-admin/main.go:214.19,216.4 1 0
github.com/neicnordic/sensitive-data-archive/sda-admin/main.go:219.2,219.17 1 0
github.com/neicnordic/sensitive-data-archive/sda-admin/main.go:219.17,221.18 2 0
github.com/neicnordic/sensitive-data-archive/sda-admin/main.go:221.18,223.4 1 0
github.com/neicnordic/sensitive-data-archive/sda-admin/main.go:226.2,226.12 1 0
github.com/neicnordic/sensitive-data-archive/sda-admin/main.go:229.32,230.22 1 0
github.com/neicnordic/sensitive-data-archive/sda-admin/main.go:230.22,234.3 2 0
github.com/neicnordic/sensitive-data-archive/sda-admin/main.go:236.2,236.21 1 0
github.com/neicnordic/sensitive-data-archive/sda-admin/main.go:237.14,238.42 1 0
github.com/neicnordic/sensitive-data-archive/sda-admin/main.go:238.42,240.4 1 0
github.com/neicnordic/sensitive-data-archive/sda-admin/main.go:241.14,242.42 1 0
github.com/neicnordic/sensitive-data-archive/sda-admin/main.go:242.42,244.4 1 0
github.com/neicnordic/sensitive-data-archive/sda-admin/main.go:245.17,246.45 1 0
github.com/neicnordic/sensitive-data-archive/sda-admin/main.go:246.45,248.4 1 0
github.com/neicnordic/sensitive-data-archive/sda-admin/main.go:249.19,250.49 1 0
github.com/neicnordic/sensitive-data-archive/sda-admin/main.go:250.49,252.4 1 0
github.com/neicnordic/sensitive-data-archive/sda-admin/main.go:253.10,254.69 1 0
github.com/neicnordic/sensitive-data-archive/sda-admin/main.go:257.2,257.12 1 0
github.com/neicnordic/sensitive-data-archive/sda-admin/main.go:260.29,261.9 1 0
github.com/neicnordic/sensitive-data-archive/sda-admin/main.go:262.24,263.25 1 0
github.com/neicnordic/sensitive-data-archive/sda-admin/main.go:264.29,265.29 1 0
github.com/neicnordic/sensitive-data-archive/sda-admin/main.go:266.10,267.98 1 0
github.com/neicnordic/sensitive-data-archive/sda-admin/main.go:270.2,270.12 1 0
github.com/neicnordic/sensitive-data-archive/sda-admin/main.go:273.29,274.9 1 0
github.com/neicnordic/sensitive-data-archive/sda-admin/main.go:275.24,276.25 1 0
github.com/neicnordic/sensitive-data-archive/sda-admin/main.go:277.29,278.29 1 0
github.com/neicnordic/sensitive-data-archive/sda-admin/main.go:279.31,280.31 1 0
github.com/neicnordic/sensitive-data-archive/sda-admin/main.go:281.38,282.34 1 0
github.com/neicnordic/sensitive-data-archive/sda-admin/main.go:283.34,284.34 1 0
github.com/neicnordic/sensitive-data-archive/sda-admin/main.go:285.10,286.98 1 0
github.com/neicnordic/sensitive-data-archive/sda-admin/main.go:289.2,289.12 1 0
github.com/neicnordic/sensitive-data-archive/sda-admin/main.go:292.32,293.9 1 0
github.com/neicnordic/sensitive-data-archive/sda-admin/main.go:294.24,295.28 1 0
github.com/neicnordic/sensitive-data-archive/sda-admin/main.go:296.31,297.34 1 0
github.com/neicnordic/sensitive-data-archive/sda-admin/main.go:298.32,299.35 1 0
github.com/neicnordic/sensitive-data-archive/sda-admin/main.go:300.34,301.37 1 0
github.com/neicnordic/sensitive-data-archive/sda-admin/main.go:302.10,303.101 1 0
github.com/neicnordic/sensitive-data-archive/sda-admin/main.go:306.2,306.12 1 0
github.com/neicnordic/sensitive-data-archive/sda-admin/main.go:309.32,310.21 1 0
github.com/neicnordic/sensitive-data-archive/sda-admin/main.go:310.21,312.3 1 0
github.com/neicnordic/sensitive-data-archive/sda-admin/main.go:313.2,313.21 1 0
github.com/neicnordic/sensitive-data-archive/sda-admin/main.go:314.14,316.17 2 0
github.com/neicnordic/sensitive-data-archive/sda-admin/main.go:316.17,318.4 1 0
github.com/neicnordic/sensitive-data-archive/sda-admin/main.go:319.10,320.98 1 0
github.com/neicnordic/sensitive-data-archive/sda-admin/main.go:323.2,323.12 1 0
github.com/neicnordic/sensitive-data-archive/sda-admin/main.go:326.36,331.60 4 0
github.com/neicnordic/sensitive-data-archive/sda-admin/main.go:331.60,333.3 1 0
github.com/neicnordic/sensitive-data-archive/sda-admin/main.go:336.2,336.20 1 0
github.com/neicnordic/sensitive-data-archive/sda-admin/main.go:336.20,338.3 1 0
github.com/neicnordic/sensitive-data-archive/sda-admin/main.go:340.2,340.59 1 0
github.com/neicnordic/sensitive-data-archive/sda-admin/main.go:340.59,342.3 1 0
github.com/neicnordic/sensitive-data-archive/sda-admin/main.go:344.2,344.12 1 0
github.com/neicnordic/sensitive-data-archive/sda-admin/main.go:347.32,348.21 1 0
github.com/neicnordic/sensitive-data-archive/sda-admin/main.go:348.21,350.3 1 0
github.com/neicnordic/sensitive-data-archive/sda-admin/main.go:351.2,351.21 1 0
github.com/neicnordic/sensitive-data-archive/sda-admin/main.go:352.14,353.49 1 0
github.com/neicnordic/sensitive-data-archive/sda-admin/main.go:353.49,355.4 1 0
github.com/neicnordic/sensitive-data-archive/sda-admin/main.go:356.16,357.51 1 0
github.com/neicnordic/sensitive-data-archive/sda-admin/main.go:357.51,359.4 1 0
github.com/neicnordic/sensitive-data-archive/sda-admin/main.go:360.23,361.54 1 0
github.com/neicnordic/sensitive-data-archive/sda-admin/main.go:361.54,363.4 1 0
github.com/neicnordic/sensitive-data-archive/sda-admin/main.go:364.19,365.54 1 0
github.com/neicnordic/sensitive-data-archive/sda-admin/main.go:365.54,367.4 1 0
github.com/neicnordic/sensitive-data-archive/sda-admin/main.go:368.10,369.98 1 0
github.com/neicnordic/sensitive-data-archive/sda-admin/main.go:372.2,372.12 1 0
github.com/neicnordic/sensitive-data-archive/sda-admin/main.go:375.38,384.61 8 0
github.com/neicnordic/sensitive-data-archive/sda-admin/main.go:384.61,386.3 1 0
github.com/neicnordic/sensitive-data-archive/sda-admin/main.go:388.2,388.9 1 0
github.com/neicnordic/sensitive-data-archive/sda-admin/main.go:389.77,390.108 1 0
github.com/neicnordic/sensitive-data-archive/sda-admin/main.go:391.79,392.111 1 0
github.com/neicnordic/sensitive-data-archive/sda-admin/main.go:393.79,394.103 1 0
github.com/neicnordic/sensitive-data-archive/sda-admin/main.go:395.10,397.17 2 0
github.com/neicnordic/sensitive-data-archive/sda-admin/main.go:397.17,399.4 1 0
github.com/neicnordic/sensitive-data-archive/sda-admin/main.go:401.3,401.13 1 0
github.com/neicnordic/sensitive-data-archive/sda-admin/main.go:405.41,415.64 9 0
github.com/neicnordic/sensitive-data-archive/sda-admin/main.go:415.64,417.3 1 0
github.com/neicnordic/sensitive-data-archive/sda-admin/main.go:419.2,419.9 1 0
github.com/neicnordic/sensitive-data-archive/sda-admin/main.go:420.119,421.77 1 0
github.com/neicnordic/sensitive-data-archive/sda-admin/main.go:422.121,423.104 1 0
github.com/neicnordic/sensitive-data-archive/sda-admin/main.go:424.121,425.162 1 0
github.com/neicnordic/sensitive-data-archive/sda-admin/main.go:426.121,427.81 1 0
github.com/neicnordic/sensitive-data-archive/sda-admin/main.go:428.119,429.81 1 0
github.com/neicnordic/sensitive-data-archive/sda-admin/main.go:430.10,432.17 2 0
github.com/neicnordic/sensitive-data-archive/sda-admin/main.go:432.17,434.4 1 0
github.com/neicnordic/sensitive-data-archive/sda-admin/main.go:436.3,436.13 1 0
github.com/neicnordic/sensitive-data-archive/sda-admin/main.go:440.41,447.64 6 0
github.com/neicnordic/sensitive-data-archive/sda-admin/main.go:447.64,449.3 1 0
github.com/neicnordic/sensitive-data-archive/sda-admin/main.go:451.2,451.23 1 0
github.com/neicnordic/sensitive-data-archive/sda-admin/main.go:451.23,453.3 1 0
github.com/neicnordic/sensitive-data-archive/sda-admin/main.go:455.2,456.16 2 0
github.com/neicnordic/sensitive-data-archive/sda-admin/main.go:456.16,458.3 1 0
github.com/neicnordic/sensitive-data-archive/sda-admin/main.go:460.2,460.12 1 0
github.com/neicnordic/sensitive-data-archive/sda-admin/main.go:463.35,464.21 1 0
github.com/neicnordic/sensitive-data-archive/sda-admin/main.go:464.21,466.3 1 0
github.com/neicnordic/sensitive-data-archive/sda-admin/main.go:468.2,468.21 1 0
github.com/neicnordic/sensitive-data-archive/sda-admin/main.go:469.16,470.54 1 0
github.com/neicnordic/sensitive-data-archive/sda-admin/main.go:470.54,472.4 1 0
github.com/neicnordic/sensitive-data-archive/sda-admin/main.go:473.17,474.55 1 0
github.com/neicnordic/sensitive-data-archive/sda-admin/main.go:474.55,476.4 1 0
github.com/neicnordic/sensitive-data-archive/sda-admin/main.go:477.19,478.57 1 0
github.com/neicnordic/sensitive-data-archive/sda-admin/main.go:478.57,480.4 1 0
github.com/neicnordic/sensitive-data-archive/sda-admin/main.go:481.10,482.101 1 0
github.com/neicnordic/sensitive-data-archive/sda-admin/main.go:485.2,485.12 1 0
github.com/neicnordic/sensitive-data-archive/sda-admin/main.go:488.41,494.64 5 0
github.com/neicnordic/sensitive-data-archive/sda-admin/main.go:494.64,496.3 1 0
github.com/neicnordic/sensitive-data-archive/sda-admin/main.go:498.2,500.47 2 0
github.com/neicnordic/sensitive-data-archive/sda-admin/main.go:500.47,502.3 1 0
github.com/neicnordic/sensitive-data-archive/sda-admin/main.go:504.2,504.20 1 0
github.com/neicnordic/sensitive-data-archive/sda-admin/main.go:504.20,506.3 1 0
github.com/neicnordic/sensitive-data-archive/sda-admin/main.go:508.2,509.16 2 0
github.com/neicnordic/sensitive-data-archive/sda-admin/main.go:509.16,511.3 1 0
github.com/neicnordic/sensitive-data-archive/sda-admin/main.go:513.2,513.12 1 0
github.com/neicnordic/sensitive-data-archive/sda-admin/main.go:516.42,521.65 4 0
github.com/neicnordic/sensitive-data-archive/sda-admin/main.go:521.65,523.3 1 0
github.com/neicnordic/sensitive-data-archive/sda-admin/main.go:525.2,525.21 1 0
github.com/neicnordic/sensitive-data-archive/sda-admin/main.go:525.21,527.3 1 0
github.com/neicnordic/sensitive-data-archive/sda-admin/main.go:529.2,530.16 2 0
github.com/neicnordic/sensitive-data-archive/sda-admin/main.go:530.16,532.3 1 0
github.com/neicnordic/sensitive-data-archive/sda-admin/main.go:534.2,534.12 1 0
github.com/neicnordic/sensitive-data-archive/sda-admin/main.go:537.44,542.67 4 0
github.com/neicnordic/sensitive-data-archive/sda-admin/main.go:542.67,544.3 1 0
github.com/neicnordic/sensitive-data-archive/sda-admin/main.go:546.2,546.21 1 0
github.com/neicnordic/sensitive-data-archive/sda-admin/main.go:546.21,548.3 1 0
github.com/neicnordic/sensitive-data-archive/sda-admin/main.go:550.2,551.16 2 0
github.com/neicnordic/sensitive-data-archive/sda-admin/main.go:551.16,553.3 1 0
github.com/neicnordic/sensitive-data-archive/sda-admin/main.go:555.2,555.12 1 0
github.com/neicnordic/sensitive-data-archive/sda-admin/main.go:558.36,559.9 1 0
github.com/neicnordic/sensitive-data-archive/sda-admin/main.go:560.24,561.29 1 0
github.com/neicnordic/sensitive-data-archive/sda-admin/main.go:562.28,563.32 1 0
github.com/neicnordic/sensitive-data-archive/sda-admin/main.go:564.34,565.38 1 0
github.com/neicnordic/sensitive-data-archive/sda-admin/main.go:566.29,567.33 1 0
github.com/neicnordic/sensitive-data-archive/sda-admin/main.go:568.10,569.102 1 0
github.com/neicnordic/sensitive-data-archive/sda-admin/main.go:572.2,572.12 1 0
github.com/neicnordic/sensitive-data-archive/sda-admin/main.go:574.39,575.21 1 0
github.com/neicnordic/sensitive-data-archive/sda-admin/main.go:575.21,577.3 1 0
github.com/neicnordic/sensitive-data-archive/sda-admin/main.go:579.2,579.21 1 0
github.com/neicnordic/sensitive-data-archive/sda-admin/main.go:580.13,581.55 1 0
github.com/neicnordic/sensitive-data-archive/sda-admin/main.go:581.55,583.4 1 0
github.com/neicnordic/sensitive-data-archive/sda-admin/main.go:584.19,585.61 1 0
github.com/neicnordic/sensitive-data-archive/sda-admin/main.go:585.61,587.4 1 0
github.com/neicnordic/sensitive-data-archive/sda-admin/main.go:588.14,589.53 1 0
github.com/neicnordic/sensitive-data-archive/sda-admin/main.go:589.53,591.4 1 0
github.com/neicnordic/sensitive-data-archive/sda-admin/main.go:592.10,593.102 1 0
github.com/neicnordic/sensitive-data-archive/sda-admin/main.go:596.2,596.12 1 0
github.com/neicnordic/sensitive-data-archive/sda-admin/main.go:599.42,605.58 5 0
github.com/neicnordic/sensitive-data-archive/sda-admin/main.go:605.58,607.3 1 0
github.com/neicnordic/sensitive-data-archive/sda-admin/main.go:609.2,609.20 1 0
github.com/neicnordic/sensitive-data-archive/sda-admin/main.go:609.20,611.3 1 0
github.com/neicnordic/sensitive-data-archive/sda-admin/main.go:613.2,614.16 2 0
github.com/neicnordic/sensitive-data-archive/sda-admin/main.go:614.16,616.3 1 0
github.com/neicnordic/sensitive-data-archive/sda-admin/main.go:618.2,618.12 1 0
github.com/neicnordic/sensitive-data-archive/sda-admin/main.go:621.48,626.64 4 0
github.com/neicnordic/sensitive-data-archive/sda-admin/main.go:626.64,628.3 1 0
github.com/neicnordic/sensitive-data-archive/sda-admin/main.go:630.2,630.16 1 0
github.com/neicnordic/sensitive-data-archive/sda-admin/main.go:630.16,632.3 1 0
github.com/neicnordic/sensitive-data-archive/sda-admin/main.go:634.2,635.16 2 0
github.com/neicnordic/sensitive-data-archive/sda-admin/main.go:635.16,637.3 1 0
github.com/neicnordic/sensitive-data-archive/sda-admin/main.go:639.2,639.12 1 0
github.com/neicnordic/sensitive-data-archive/sda-admin/main.go:642.40,644.16 2 0
github.com/neicnordic/sensitive-data-archive/sda-admin/main.go:644.16,646.3 1 0
github.com/neicnordic/sensitive-data-archive/sda-admin/main.go:648.2,648.12 1 0
github.com/neicnordic/sensitive-data-archive/sda-admin/main.go:651.13,654.46 2 0
github.com/neicnordic/sensitive-data-archive/sda-admin/main.go:654.46,657.3 2 0
github.com/neicnordic/sensitive-data-archive/sda-admin/main.go:659.2,659.21 1 0
github.com/neicnordic/sensitive-data-archive/sda-admin/main.go:660.29,661.45 1 0
github.com/neicnordic/sensitive-data-archive/sda-admin/main.go:661.45,664.4 2 0
github.com/neicnordic/sensitive-data-archive/sda-admin/main.go:665.14,666.45 1 0
github.com/neicnordic/sensitive-data-archive/sda-admin/main.go:666.45,669.4 2 0
github.com/neicnordic/sensitive-data-archive/sda-admin/main.go:670.14,671.45 1 0
github.com/neicnordic/sensitive-data-archive/sda-admin/main.go:671.45,674.4 2 0
github.com/neicnordic/sensitive-data-archive/sda-admin/main.go:675.17,676.48 1 0
github.com/neicnordic/sensitive-data-archive/sda-admin/main.go:676.48,679.4 2 0
github.com/neicnordic/sensitive-data-archive/sda-admin/main.go:680.17,681.17 1 0
github.com/neicnordic/sensitive-data-archive/sda-admin/main.go:682.19,683.52 1 0
github.com/neicnordic/sensitive-data-archive/sda-admin/main.go:683.52,686.4 2 0
github.com/neicnordic/sensitive-data-archive/sda-admin/main.go:687.10,689.13 2 0
github.com/neicnordic/sensitive-data-archive/sda-admin/main.go:692.2,692.12 1 0
